14:51:11.894 [main] INFO  com.example.cyb1.Cyb1Application - Starting Cyb1Application using Java 17.0.2 with PID 8228 (C:\Users\adria\Documents\GitHub\cyb1\target\classes started by adria in C:\Users\adria\Documents\GitHub\cyb1)
14:51:11.904 [main] INFO  com.example.cyb1.Cyb1Application - No active profile set, falling back to 1 default profile: "default"
14:51:12.783 [main] INFO  o.s.d.r.c.RepositoryConfigurationDelegate - Bootstrapping Spring Data JPA repositories in DEFAULT mode.
14:51:12.815 [main] INFO  o.s.d.r.c.RepositoryConfigurationDelegate - Finished Spring Data repository scanning in 20 ms. Found 0 JPA repository interfaces.
14:51:13.745 [main] INFO  o.s.b.w.e.tomcat.TomcatWebServer - Tomcat initialized with port(s): 8080 (http)
14:51:13.754 [main] INFO  o.a.coyote.http11.Http11NioProtocol - Initializing ProtocolHandler ["http-nio-8080"]
14:51:13.757 [main] INFO  o.a.catalina.core.StandardService - Starting service [Tomcat]
14:51:13.757 [main] INFO  o.a.catalina.core.StandardEngine - Starting Servlet engine: [Apache Tomcat/10.1.15]
14:51:13.925 [main] INFO  o.a.c.c.C.[Tomcat].[localhost].[/] - Initializing Spring embedded WebApplicationContext
14:51:13.927 [main] INFO  o.s.b.w.s.c.ServletWebServerApplicationContext - Root WebApplicationContext: initialization completed in 1943 ms
14:51:14.091 [main] INFO  com.zaxxer.hikari.HikariDataSource - HikariPool-1 - Starting...
14:51:14.327 [main] INFO  com.zaxxer.hikari.pool.HikariPool - HikariPool-1 - Added connection conn0: url=jdbc:h2:mem:e93b9090-07ce-4608-b0f6-e364176a2263 user=SA
14:51:14.330 [main] INFO  com.zaxxer.hikari.HikariDataSource - HikariPool-1 - Start completed.
14:51:14.396 [main] INFO  o.h.jpa.internal.util.LogHelper - HHH000204: Processing PersistenceUnitInfo [name: default]
14:51:14.477 [main] INFO  org.hibernate.Version - HHH000412: Hibernate ORM core version 6.2.13.Final
14:51:14.480 [main] INFO  org.hibernate.cfg.Environment - HHH000406: Using bytecode reflection optimizer
14:51:14.897 [main] INFO  o.s.o.j.p.SpringPersistenceUnitInfo - No LoadTimeWeaver setup: ignoring JPA class transformer
14:51:15.398 [main] INFO  o.h.e.t.j.p.i.JtaPlatformInitiator - HHH000489: No JTA platform available (set 'hibernate.transaction.jta.platform' to enable JTA platform integration)
14:51:15.404 [main] INFO  o.s.o.j.LocalContainerEntityManagerFactoryBean - Initialized JPA EntityManagerFactory for persistence unit 'default'
14:51:15.680 [main] WARN  o.s.b.a.o.j.JpaBaseConfiguration$JpaWebConfiguration - spring.jpa.open-in-view is enabled by default. Therefore, database queries may be performed during view rendering. Explicitly configure spring.jpa.open-in-view to disable this warning
14:51:15.931 [main] INFO  o.s.s.web.DefaultSecurityFilterChain - Will secure any request with [org.springframework.security.web.session.DisableEncodeUrlFilter@e7d0db2, org.springframework.security.web.context.request.async.WebAsyncManagerIntegrationFilter@4a41caed, org.springframework.security.web.context.SecurityContextHolderFilter@78743dd8, org.springframework.security.web.header.HeaderWriterFilter@1a02ebe0, org.springframework.security.web.authentication.logout.LogoutFilter@1b5af65b, org.springframework.security.web.RequestMatcherRedirectFilter@38c55a8a, org.springframework.security.web.authentication.UsernamePasswordAuthenticationFilter@6802d023, org.springframework.security.web.savedrequest.RequestCacheAwareFilter@2986427e, org.springframework.security.web.servletapi.SecurityContextHolderAwareRequestFilter@26c6288d, org.springframework.security.web.authentication.AnonymousAuthenticationFilter@6b4fd7d, org.springframework.security.web.access.ExceptionTranslationFilter@47d9c01, org.springframework.security.web.access.intercept.AuthorizationFilter@614cd187]
14:51:16.247 [main] INFO  o.a.coyote.http11.Http11NioProtocol - Starting ProtocolHandler ["http-nio-8080"]
14:51:16.297 [main] INFO  o.s.b.w.e.tomcat.TomcatWebServer - Tomcat started on port(s): 8080 (http) with context path ''
14:51:16.309 [main] INFO  com.example.cyb1.Cyb1Application - Started Cyb1Application in 4.831 seconds (process running for 5.591)
14:51:21.336 [http-nio-8080-exec-2] INFO  o.a.c.c.C.[Tomcat].[localhost].[/] - Initializing Spring DispatcherServlet 'dispatcherServlet'
14:51:21.337 [http-nio-8080-exec-2] INFO  o.s.web.servlet.DispatcherServlet - Initializing Servlet 'dispatcherServlet'
14:51:21.338 [http-nio-8080-exec-2] INFO  o.s.web.servlet.DispatcherServlet - Completed initialization in 1 ms
14:51:30.854 [http-nio-8080-exec-7] INFO  c.e.c.controller.AddUserController - New User Added!
14:52:41.591 [http-nio-8080-exec-2] INFO  c.e.c.c.ChangeUsernameController - Username changed successfully!
14:53:23.666 [http-nio-8080-exec-1] INFO  c.e.c.c.ChangeUsernameController - User not found: AD
14:53:37.577 [http-nio-8080-exec-6] INFO  c.e.c.c.ChangeUsernameController - User not found: AD
14:53:43.634 [http-nio-8080-exec-9] INFO  c.e.c.c.ChangeUsernameController - User not found: AD
14:53:47.282 [http-nio-8080-exec-3] INFO  c.e.c.c.ChangeUsernameController - User not found: AD
14:56:42.879 [main] INFO  com.example.cyb1.Cyb1Application - Starting Cyb1Application using Java 17.0.2 with PID 6336 (C:\Users\adria\Documents\GitHub\cyb1\target\classes started by adria in C:\Users\adria\Documents\GitHub\cyb1)
14:56:42.885 [main] INFO  com.example.cyb1.Cyb1Application - No active profile set, falling back to 1 default profile: "default"
14:56:44.071 [main] INFO  o.s.d.r.c.RepositoryConfigurationDelegate - Bootstrapping Spring Data JPA repositories in DEFAULT mode.
14:56:44.194 [main] INFO  o.s.d.r.c.RepositoryConfigurationDelegate - Finished Spring Data repository scanning in 104 ms. Found 0 JPA repository interfaces.
14:56:45.213 [main] INFO  o.s.b.w.e.tomcat.TomcatWebServer - Tomcat initialized with port(s): 8080 (http)
14:56:45.225 [main] INFO  o.a.coyote.http11.Http11NioProtocol - Initializing ProtocolHandler ["http-nio-8080"]
14:56:45.229 [main] INFO  o.a.catalina.core.StandardService - Starting service [Tomcat]
14:56:45.239 [main] INFO  o.a.catalina.core.StandardEngine - Starting Servlet engine: [Apache Tomcat/10.1.15]
14:56:45.429 [main] INFO  o.a.c.c.C.[Tomcat].[localhost].[/] - Initializing Spring embedded WebApplicationContext
14:56:45.431 [main] INFO  o.s.b.w.s.c.ServletWebServerApplicationContext - Root WebApplicationContext: initialization completed in 2461 ms
14:56:45.607 [main] INFO  com.zaxxer.hikari.HikariDataSource - HikariPool-1 - Starting...
14:56:45.873 [main] INFO  com.zaxxer.hikari.pool.HikariPool - HikariPool-1 - Added connection conn0: url=jdbc:h2:mem:dfee1674-7476-421a-b9c6-f91d1b30a341 user=SA
14:56:45.876 [main] INFO  com.zaxxer.hikari.HikariDataSource - HikariPool-1 - Start completed.
14:56:45.948 [main] INFO  o.h.jpa.internal.util.LogHelper - HHH000204: Processing PersistenceUnitInfo [name: default]
14:56:46.036 [main] INFO  org.hibernate.Version - HHH000412: Hibernate ORM core version 6.2.13.Final
14:56:46.041 [main] INFO  org.hibernate.cfg.Environment - HHH000406: Using bytecode reflection optimizer
14:56:46.519 [main] INFO  o.s.o.j.p.SpringPersistenceUnitInfo - No LoadTimeWeaver setup: ignoring JPA class transformer
14:56:47.116 [main] INFO  o.h.e.t.j.p.i.JtaPlatformInitiator - HHH000489: No JTA platform available (set 'hibernate.transaction.jta.platform' to enable JTA platform integration)
14:56:47.123 [main] INFO  o.s.o.j.LocalContainerEntityManagerFactoryBean - Initialized JPA EntityManagerFactory for persistence unit 'default'
14:56:47.421 [main] WARN  o.s.b.a.o.j.JpaBaseConfiguration$JpaWebConfiguration - spring.jpa.open-in-view is enabled by default. Therefore, database queries may be performed during view rendering. Explicitly configure spring.jpa.open-in-view to disable this warning
14:56:47.714 [main] INFO  o.s.s.web.DefaultSecurityFilterChain - Will secure any request with [org.springframework.security.web.session.DisableEncodeUrlFilter@e7d0db2, org.springframework.security.web.context.request.async.WebAsyncManagerIntegrationFilter@4a41caed, org.springframework.security.web.context.SecurityContextHolderFilter@78743dd8, org.springframework.security.web.header.HeaderWriterFilter@1a02ebe0, org.springframework.security.web.authentication.logout.LogoutFilter@1b5af65b, org.springframework.security.web.RequestMatcherRedirectFilter@38c55a8a, org.springframework.security.web.authentication.UsernamePasswordAuthenticationFilter@6802d023, org.springframework.security.web.savedrequest.RequestCacheAwareFilter@2986427e, org.springframework.security.web.servletapi.SecurityContextHolderAwareRequestFilter@26c6288d, org.springframework.security.web.authentication.AnonymousAuthenticationFilter@6b4fd7d, org.springframework.security.web.access.ExceptionTranslationFilter@47d9c01, org.springframework.security.web.access.intercept.AuthorizationFilter@614cd187]
14:56:48.046 [main] INFO  o.a.coyote.http11.Http11NioProtocol - Starting ProtocolHandler ["http-nio-8080"]
14:56:48.092 [main] INFO  o.s.b.w.e.tomcat.TomcatWebServer - Tomcat started on port(s): 8080 (http) with context path ''
14:56:48.106 [main] INFO  com.example.cyb1.Cyb1Application - Started Cyb1Application in 5.775 seconds (process running for 6.917)
14:56:55.683 [http-nio-8080-exec-1] INFO  o.a.c.c.C.[Tomcat].[localhost].[/] - Initializing Spring DispatcherServlet 'dispatcherServlet'
14:56:55.684 [http-nio-8080-exec-1] INFO  o.s.web.servlet.DispatcherServlet - Initializing Servlet 'dispatcherServlet'
14:56:55.685 [http-nio-8080-exec-1] INFO  o.s.web.servlet.DispatcherServlet - Completed initialization in 1 ms
14:57:09.920 [http-nio-8080-exec-8] INFO  c.e.c.controller.AddUserController - New User Added!
